[debug] [2025-08-05T16:52:10.733Z] ----------------------------------------------------------------------
[debug] [2025-08-05T16:52:10.737Z] Command:       /usr/local/bin/node /Users/apple/.npm-global/bin/firebase deploy
[debug] [2025-08-05T16:52:10.738Z] CLI Version:   14.11.2
[debug] [2025-08-05T16:52:10.739Z] Platform:      darwin
[debug] [2025-08-05T16:52:10.739Z] Node Version:  v22.14.0
[debug] [2025-08-05T16:52:10.739Z] Time:          Tue Aug 05 2025 19:52:10 GMT+0300 (East Africa Time)
[debug] [2025-08-05T16:52:10.740Z] ----------------------------------------------------------------------
[debug] 
[debug] [2025-08-05T16:52:11.542Z] > command requires scopes: ["email","openid","https://www.googleapis.com/auth/cloudplatformprojects.readonly","https://www.googleapis.com/auth/firebase","https://www.googleapis.com/auth/cloud-platform"]
[debug] [2025-08-05T16:52:11.543Z] > authorizing via signed-in user (samnjorokibandi@gmail.com)
[debug] [2025-08-05T16:52:11.543Z] [iam] checking project e-banking-tech for permissions ["firebase.projects.get","firebasehosting.sites.update"]
[debug] [2025-08-05T16:52:11.545Z] Checked if tokens are valid: true, expires at: 1754415837414
[debug] [2025-08-05T16:52:11.545Z] Checked if tokens are valid: true, expires at: 1754415837414
[debug] [2025-08-05T16:52:11.546Z] >>> [apiv2][query] POST https://cloudresourcemanager.googleapis.com/v1/projects/e-banking-tech:testIamPermissions [none]
[debug] [2025-08-05T16:52:11.547Z] >>> [apiv2][(partial)header] POST https://cloudresourcemanager.googleapis.com/v1/projects/e-banking-tech:testIamPermissions x-goog-quota-user=projects/e-banking-tech
[debug] [2025-08-05T16:52:11.547Z] >>> [apiv2][body] POST https://cloudresourcemanager.googleapis.com/v1/projects/e-banking-tech:testIamPermissions {"permissions":["firebase.projects.get","firebasehosting.sites.update"]}
[debug] [2025-08-05T16:52:13.237Z] <<< [apiv2][status] POST https://cloudresourcemanager.googleapis.com/v1/projects/e-banking-tech:testIamPermissions 200
[debug] [2025-08-05T16:52:13.238Z] <<< [apiv2][body] POST https://cloudresourcemanager.googleapis.com/v1/projects/e-banking-tech:testIamPermissions {"permissions":["firebase.projects.get","firebasehosting.sites.update"]}
[debug] [2025-08-05T16:52:13.239Z] Checked if tokens are valid: true, expires at: 1754415837414
[debug] [2025-08-05T16:52:13.239Z] Checked if tokens are valid: true, expires at: 1754415837414
[debug] [2025-08-05T16:52:13.239Z] >>> [apiv2][query] GET https://firebase.googleapis.com/v1beta1/projects/e-banking-tech [none]
[debug] [2025-08-05T16:52:13.861Z] <<< [apiv2][status] GET https://firebase.googleapis.com/v1beta1/projects/e-banking-tech 200
[debug] [2025-08-05T16:52:13.861Z] <<< [apiv2][body] GET https://firebase.googleapis.com/v1beta1/projects/e-banking-tech {"projectId":"e-banking-tech","projectNumber":"303322194273","displayName":"Smart-Agriculture","name":"projects/e-banking-tech","resources":{"hostingSite":"e-banking-tech","realtimeDatabaseInstance":"e-banking-tech-default-rtdb"},"state":"ACTIVE","etag":"1_553b75d7-1b04-4da8-be77-838b7c3d46a7"}
[info] 
[info] === Deploying to 'e-banking-tech'...
[info] 
[info] i  deploying hosting 
[debug] [2025-08-05T16:52:13.872Z] Checked if tokens are valid: true, expires at: 1754415837414
[debug] [2025-08-05T16:52:13.872Z] Checked if tokens are valid: true, expires at: 1754415837414
[debug] [2025-08-05T16:52:13.872Z] >>> [apiv2][query] POST https://firebasehosting.googleapis.com/v1beta1/projects/-/sites/e-banking-tech/versions [none]
[debug] [2025-08-05T16:52:13.872Z] >>> [apiv2][body] POST https://firebasehosting.googleapis.com/v1beta1/projects/-/sites/e-banking-tech/versions {"status":"CREATED","labels":{"deployment-tool":"cli-firebase"}}
[debug] [2025-08-05T16:52:16.293Z] <<< [apiv2][status] POST https://firebasehosting.googleapis.com/v1beta1/projects/-/sites/e-banking-tech/versions 200
[debug] [2025-08-05T16:52:16.293Z] <<< [apiv2][body] POST https://firebasehosting.googleapis.com/v1beta1/projects/-/sites/e-banking-tech/versions {"name":"projects/303322194273/sites/e-banking-tech/versions/9b42b824faeb4c3e","status":"CREATED","config":{},"labels":{"deployment-tool":"cli-firebase"}}
[info] i  hosting[e-banking-tech]: beginning deploy... 
[info] i  hosting[e-banking-tech]: found 17 files in public 
[debug] [2025-08-05T16:52:16.395Z] [hosting] uploading with 200 concurrency
[debug] [2025-08-05T16:52:16.396Z] [hosting] hash cache [cHVibGlj] not populated
[debug] [2025-08-05T16:52:22.516Z] Checked if tokens are valid: true, expires at: 1754415837414
[debug] [2025-08-05T16:52:22.517Z] Checked if tokens are valid: true, expires at: 1754415837414
[debug] [2025-08-05T16:52:22.518Z] [hosting] hash cache [cHVibGlj] stored for 17 files
[debug] [2025-08-05T16:52:22.519Z] [hosting][hash queue][FINAL] {"max":6069,"min":257,"avg":843.4705882352941,"active":0,"complete":17,"success":17,"errored":0,"retried":0,"total":17,"elapsed":6080}
[debug] [2025-08-05T16:52:22.519Z] >>> [apiv2][query] POST https://firebasehosting.googleapis.com/v1beta1/projects/303322194273/sites/e-banking-tech/versions/9b42b824faeb4c3e:populateFiles [none]
[debug] [2025-08-05T16:52:22.519Z] >>> [apiv2][body] POST https://firebasehosting.googleapis.com/v1beta1/projects/303322194273/sites/e-banking-tech/versions/9b42b824faeb4c3e:populateFiles {"files":{"/window.svg":"bf07bc7ddc1ae03e7936a9347de10e85cf9a0e51f99bd8293b2a8eeca6463b49","/vercel.svg":"ffb3d6634c37da9451d60557ed0e6e513e2889672e0bf202d2558062062a048a","/next.svg":"7b16665552cb47db34db342505d6d340caaf5813ca2cba1df3536ed67ea33f64","/index.html":"db1f396b1e4cce660c3a7ab10a88e77ea97211cb9ce4a509282438a9a3f5d28a","/globe.svg":"914fe1f576f68698d9e329ea8ec6c542d8d5f150af08f1a360d188fed7597c23","/file.svg":"cb6477bad43c44ba222b8cddfa7e4fe646b19ec7449646e8c2a426354faa630e","/404.html":"b6abfbdc894d37c260154e281499dc6415bb6ad76b32f01ef94dee93aa897ac4","/logo.png":"b2e432799d06322905e5eacc3c68a254d011ee994edd530f764d83fa7555fa22","/agri_cow.jpg":"6586a71130ef2235c3e0faded6c8dc3244d7a54facc1421f97c155fd1b9af358","/cow3.jpg":"b85e914276e0769f9db06c74f4e885fd291fec8883d4e3bbbf8013820a8bb01c","/cow2.jpg":"b503f3c7b026cada5271b0aba2006429341b71d0bfcff568cf0c612ddeeac0eb","/Agri5.png":"6cc2d49c2dcaad14773e40fd40dd6ef6ae5d32fd85c8ce1ffe3ceeed2de578c9","/Agri3.jpg":"42a2c5deaec8b4a68c9112e662a0c10b42148a7cc19952a1f3e18b2f961407e4","/Agri4.jpg":"133948b653cd4b799e0cd3e76618e432bfb6311a03c39fcefaa7280f0385a4e9","/agri2.jpg":"839e6db41e13c1e72a72efbecc9b06d641f4b427ea83e8385ac5fbdcf2376f1c","/Agri1.jpg":"839e6db41e13c1e72a72efbecc9b06d641f4b427ea83e8385ac5fbdcf2376f1c","/background.mp4":"0d20e968e1440ad4fd2adc619e8bf3e1d1570b5d3d988359dd3d9bc1ab001377"}}
[debug] [2025-08-05T16:52:24.143Z] <<< [apiv2][status] POST https://firebasehosting.googleapis.com/v1beta1/projects/303322194273/sites/e-banking-tech/versions/9b42b824faeb4c3e:populateFiles 200
[debug] [2025-08-05T16:52:24.143Z] <<< [apiv2][body] POST https://firebasehosting.googleapis.com/v1beta1/projects/303322194273/sites/e-banking-tech/versions/9b42b824faeb4c3e:populateFiles {"uploadRequiredHashes":["914fe1f576f68698d9e329ea8ec6c542d8d5f150af08f1a360d188fed7597c23","6586a71130ef2235c3e0faded6c8dc3244d7a54facc1421f97c155fd1b9af358","6cc2d49c2dcaad14773e40fd40dd6ef6ae5d32fd85c8ce1ffe3ceeed2de578c9","133948b653cd4b799e0cd3e76618e432bfb6311a03c39fcefaa7280f0385a4e9","cb6477bad43c44ba222b8cddfa7e4fe646b19ec7449646e8c2a426354faa630e","b2e432799d06322905e5eacc3c68a254d011ee994edd530f764d83fa7555fa22","0d20e968e1440ad4fd2adc619e8bf3e1d1570b5d3d988359dd3d9bc1ab001377","7b16665552cb47db34db342505d6d340caaf5813ca2cba1df3536ed67ea33f64","ffb3d6634c37da9451d60557ed0e6e513e2889672e0bf202d2558062062a048a","b85e914276e0769f9db06c74f4e885fd291fec8883d4e3bbbf8013820a8bb01c","db1f396b1e4cce660c3a7ab10a88e77ea97211cb9ce4a509282438a9a3f5d28a","42a2c5deaec8b4a68c9112e662a0c10b42148a7cc19952a1f3e18b2f961407e4","b503f3c7b026cada5271b0aba2006429341b71d0bfcff568cf0c612ddeeac0eb","839e6db41e13c1e72a72efbecc9b06d641f4b427ea83e8385ac5fbdcf2376f1c","bf07bc7ddc1ae03e7936a9347de10e85cf9a0e51f99bd8293b2a8eeca6463b49","b6abfbdc894d37c260154e281499dc6415bb6ad76b32f01ef94dee93aa897ac4"],"uploadUrl":"https://upload-firebasehosting.googleapis.com/upload/sites/e-banking-tech/versions/9b42b824faeb4c3e/files"}
[debug] [2025-08-05T16:52:24.144Z] Checked if tokens are valid: true, expires at: 1754415837414
[debug] [2025-08-05T16:52:24.144Z] Checked if tokens are valid: true, expires at: 1754415837414
[debug] [2025-08-05T16:52:24.144Z] Checked if tokens are valid: true, expires at: 1754415837414
[debug] [2025-08-05T16:52:24.144Z] Checked if tokens are valid: true, expires at: 1754415837414
[debug] [2025-08-05T16:52:24.144Z] Checked if tokens are valid: true, expires at: 1754415837414
[debug] [2025-08-05T16:52:24.145Z] Checked if tokens are valid: true, expires at: 1754415837414
[debug] [2025-08-05T16:52:24.145Z] Checked if tokens are valid: true, expires at: 1754415837414
[debug] [2025-08-05T16:52:24.145Z] Checked if tokens are valid: true, expires at: 1754415837414
[debug] [2025-08-05T16:52:24.145Z] Checked if tokens are valid: true, expires at: 1754415837414
[debug] [2025-08-05T16:52:24.145Z] Checked if tokens are valid: true, expires at: 1754415837414
[debug] [2025-08-05T16:52:24.145Z] Checked if tokens are valid: true, expires at: 1754415837414
[debug] [2025-08-05T16:52:24.146Z] Checked if tokens are valid: true, expires at: 1754415837414
[debug] [2025-08-05T16:52:24.146Z] Checked if tokens are valid: true, expires at: 1754415837414
[debug] [2025-08-05T16:52:24.146Z] Checked if tokens are valid: true, expires at: 1754415837414
[debug] [2025-08-05T16:52:24.146Z] Checked if tokens are valid: true, expires at: 1754415837414
[debug] [2025-08-05T16:52:24.146Z] Checked if tokens are valid: true, expires at: 1754415837414
[debug] [2025-08-05T16:52:24.147Z] Checked if tokens are valid: true, expires at: 1754415837414
[debug] [2025-08-05T16:52:24.147Z] Checked if tokens are valid: true, expires at: 1754415837414
[debug] [2025-08-05T16:52:24.147Z] Checked if tokens are valid: true, expires at: 1754415837414
[debug] [2025-08-05T16:52:24.147Z] Checked if tokens are valid: true, expires at: 1754415837414
[debug] [2025-08-05T16:52:24.274Z] Checked if tokens are valid: true, expires at: 1754415837414
[debug] [2025-08-05T16:52:24.274Z] Checked if tokens are valid: true, expires at: 1754415837414
[debug] [2025-08-05T16:52:24.275Z] Checked if tokens are valid: true, expires at: 1754415837414
[debug] [2025-08-05T16:52:24.275Z] Checked if tokens are valid: true, expires at: 1754415837414
[debug] [2025-08-05T16:52:24.277Z] Checked if tokens are valid: true, expires at: 1754415837414
[debug] [2025-08-05T16:52:24.277Z] Checked if tokens are valid: true, expires at: 1754415837414
[debug] [2025-08-05T16:52:24.277Z] Checked if tokens are valid: true, expires at: 1754415837414
[debug] [2025-08-05T16:52:24.277Z] Checked if tokens are valid: true, expires at: 1754415837414
[debug] [2025-08-05T16:52:24.277Z] Checked if tokens are valid: true, expires at: 1754415837414
[debug] [2025-08-05T16:52:24.277Z] Checked if tokens are valid: true, expires at: 1754415837414
[debug] [2025-08-05T16:52:24.278Z] Checked if tokens are valid: true, expires at: 1754415837414
[debug] [2025-08-05T16:52:24.278Z] Checked if tokens are valid: true, expires at: 1754415837414
[debug] [2025-08-05T16:52:24.278Z] >>> [apiv2][query] POST https://upload-firebasehosting.googleapis.com/upload/sites/e-banking-tech/versions/9b42b824faeb4c3e/files/914fe1f576f68698d9e329ea8ec6c542d8d5f150af08f1a360d188fed7597c23 [none]
[debug] [2025-08-05T16:52:24.278Z] >>> [apiv2][body] POST https://upload-firebasehosting.googleapis.com/upload/sites/e-banking-tech/versions/9b42b824faeb4c3e/files/914fe1f576f68698d9e329ea8ec6c542d8d5f150af08f1a360d188fed7597c23 [stream]
[debug] [2025-08-05T16:52:24.288Z] >>> [apiv2][query] POST https://upload-firebasehosting.googleapis.com/upload/sites/e-banking-tech/versions/9b42b824faeb4c3e/files/6586a71130ef2235c3e0faded6c8dc3244d7a54facc1421f97c155fd1b9af358 [none]
[debug] [2025-08-05T16:52:24.289Z] >>> [apiv2][body] POST https://upload-firebasehosting.googleapis.com/upload/sites/e-banking-tech/versions/9b42b824faeb4c3e/files/6586a71130ef2235c3e0faded6c8dc3244d7a54facc1421f97c155fd1b9af358 [stream]
[debug] [2025-08-05T16:52:24.320Z] >>> [apiv2][query] POST https://upload-firebasehosting.googleapis.com/upload/sites/e-banking-tech/versions/9b42b824faeb4c3e/files/6cc2d49c2dcaad14773e40fd40dd6ef6ae5d32fd85c8ce1ffe3ceeed2de578c9 [none]
[debug] [2025-08-05T16:52:24.320Z] >>> [apiv2][body] POST https://upload-firebasehosting.googleapis.com/upload/sites/e-banking-tech/versions/9b42b824faeb4c3e/files/6cc2d49c2dcaad14773e40fd40dd6ef6ae5d32fd85c8ce1ffe3ceeed2de578c9 [stream]
[debug] [2025-08-05T16:52:24.322Z] >>> [apiv2][query] POST https://upload-firebasehosting.googleapis.com/upload/sites/e-banking-tech/versions/9b42b824faeb4c3e/files/133948b653cd4b799e0cd3e76618e432bfb6311a03c39fcefaa7280f0385a4e9 [none]
[debug] [2025-08-05T16:52:24.322Z] >>> [apiv2][body] POST https://upload-firebasehosting.googleapis.com/upload/sites/e-banking-tech/versions/9b42b824faeb4c3e/files/133948b653cd4b799e0cd3e76618e432bfb6311a03c39fcefaa7280f0385a4e9 [stream]
[debug] [2025-08-05T16:52:24.324Z] >>> [apiv2][query] POST https://upload-firebasehosting.googleapis.com/upload/sites/e-banking-tech/versions/9b42b824faeb4c3e/files/cb6477bad43c44ba222b8cddfa7e4fe646b19ec7449646e8c2a426354faa630e [none]
[debug] [2025-08-05T16:52:24.325Z] >>> [apiv2][body] POST https://upload-firebasehosting.googleapis.com/upload/sites/e-banking-tech/versions/9b42b824faeb4c3e/files/cb6477bad43c44ba222b8cddfa7e4fe646b19ec7449646e8c2a426354faa630e [stream]
[debug] [2025-08-05T16:52:24.326Z] >>> [apiv2][query] POST https://upload-firebasehosting.googleapis.com/upload/sites/e-banking-tech/versions/9b42b824faeb4c3e/files/b2e432799d06322905e5eacc3c68a254d011ee994edd530f764d83fa7555fa22 [none]
[debug] [2025-08-05T16:52:24.327Z] >>> [apiv2][body] POST https://upload-firebasehosting.googleapis.com/upload/sites/e-banking-tech/versions/9b42b824faeb4c3e/files/b2e432799d06322905e5eacc3c68a254d011ee994edd530f764d83fa7555fa22 [stream]
[debug] [2025-08-05T16:52:24.328Z] >>> [apiv2][query] POST https://upload-firebasehosting.googleapis.com/upload/sites/e-banking-tech/versions/9b42b824faeb4c3e/files/0d20e968e1440ad4fd2adc619e8bf3e1d1570b5d3d988359dd3d9bc1ab001377 [none]
[debug] [2025-08-05T16:52:24.328Z] >>> [apiv2][body] POST https://upload-firebasehosting.googleapis.com/upload/sites/e-banking-tech/versions/9b42b824faeb4c3e/files/0d20e968e1440ad4fd2adc619e8bf3e1d1570b5d3d988359dd3d9bc1ab001377 [stream]
[debug] [2025-08-05T16:52:24.340Z] >>> [apiv2][query] POST https://upload-firebasehosting.googleapis.com/upload/sites/e-banking-tech/versions/9b42b824faeb4c3e/files/7b16665552cb47db34db342505d6d340caaf5813ca2cba1df3536ed67ea33f64 [none]
[debug] [2025-08-05T16:52:24.340Z] >>> [apiv2][body] POST https://upload-firebasehosting.googleapis.com/upload/sites/e-banking-tech/versions/9b42b824faeb4c3e/files/7b16665552cb47db34db342505d6d340caaf5813ca2cba1df3536ed67ea33f64 [stream]
[debug] [2025-08-05T16:52:24.343Z] >>> [apiv2][query] POST https://upload-firebasehosting.googleapis.com/upload/sites/e-banking-tech/versions/9b42b824faeb4c3e/files/ffb3d6634c37da9451d60557ed0e6e513e2889672e0bf202d2558062062a048a [none]
[debug] [2025-08-05T16:52:24.343Z] >>> [apiv2][body] POST https://upload-firebasehosting.googleapis.com/upload/sites/e-banking-tech/versions/9b42b824faeb4c3e/files/ffb3d6634c37da9451d60557ed0e6e513e2889672e0bf202d2558062062a048a [stream]
[debug] [2025-08-05T16:52:24.344Z] >>> [apiv2][query] POST https://upload-firebasehosting.googleapis.com/upload/sites/e-banking-tech/versions/9b42b824faeb4c3e/files/b85e914276e0769f9db06c74f4e885fd291fec8883d4e3bbbf8013820a8bb01c [none]
[debug] [2025-08-05T16:52:24.344Z] >>> [apiv2][body] POST https://upload-firebasehosting.googleapis.com/upload/sites/e-banking-tech/versions/9b42b824faeb4c3e/files/b85e914276e0769f9db06c74f4e885fd291fec8883d4e3bbbf8013820a8bb01c [stream]
[debug] [2025-08-05T16:52:24.345Z] >>> [apiv2][query] POST https://upload-firebasehosting.googleapis.com/upload/sites/e-banking-tech/versions/9b42b824faeb4c3e/files/db1f396b1e4cce660c3a7ab10a88e77ea97211cb9ce4a509282438a9a3f5d28a [none]
[debug] [2025-08-05T16:52:24.346Z] >>> [apiv2][body] POST https://upload-firebasehosting.googleapis.com/upload/sites/e-banking-tech/versions/9b42b824faeb4c3e/files/db1f396b1e4cce660c3a7ab10a88e77ea97211cb9ce4a509282438a9a3f5d28a [stream]
[debug] [2025-08-05T16:52:24.347Z] >>> [apiv2][query] POST https://upload-firebasehosting.googleapis.com/upload/sites/e-banking-tech/versions/9b42b824faeb4c3e/files/42a2c5deaec8b4a68c9112e662a0c10b42148a7cc19952a1f3e18b2f961407e4 [none]
[debug] [2025-08-05T16:52:24.347Z] >>> [apiv2][body] POST https://upload-firebasehosting.googleapis.com/upload/sites/e-banking-tech/versions/9b42b824faeb4c3e/files/42a2c5deaec8b4a68c9112e662a0c10b42148a7cc19952a1f3e18b2f961407e4 [stream]
[debug] [2025-08-05T16:52:24.348Z] >>> [apiv2][query] POST https://upload-firebasehosting.googleapis.com/upload/sites/e-banking-tech/versions/9b42b824faeb4c3e/files/b503f3c7b026cada5271b0aba2006429341b71d0bfcff568cf0c612ddeeac0eb [none]
[debug] [2025-08-05T16:52:24.348Z] >>> [apiv2][body] POST https://upload-firebasehosting.googleapis.com/upload/sites/e-banking-tech/versions/9b42b824faeb4c3e/files/b503f3c7b026cada5271b0aba2006429341b71d0bfcff568cf0c612ddeeac0eb [stream]
[debug] [2025-08-05T16:52:24.349Z] >>> [apiv2][query] POST https://upload-firebasehosting.googleapis.com/upload/sites/e-banking-tech/versions/9b42b824faeb4c3e/files/839e6db41e13c1e72a72efbecc9b06d641f4b427ea83e8385ac5fbdcf2376f1c [none]
[debug] [2025-08-05T16:52:24.350Z] >>> [apiv2][body] POST https://upload-firebasehosting.googleapis.com/upload/sites/e-banking-tech/versions/9b42b824faeb4c3e/files/839e6db41e13c1e72a72efbecc9b06d641f4b427ea83e8385ac5fbdcf2376f1c [stream]
[debug] [2025-08-05T16:52:24.354Z] >>> [apiv2][query] POST https://upload-firebasehosting.googleapis.com/upload/sites/e-banking-tech/versions/9b42b824faeb4c3e/files/bf07bc7ddc1ae03e7936a9347de10e85cf9a0e51f99bd8293b2a8eeca6463b49 [none]
[debug] [2025-08-05T16:52:24.354Z] >>> [apiv2][body] POST https://upload-firebasehosting.googleapis.com/upload/sites/e-banking-tech/versions/9b42b824faeb4c3e/files/bf07bc7ddc1ae03e7936a9347de10e85cf9a0e51f99bd8293b2a8eeca6463b49 [stream]
[debug] [2025-08-05T16:52:24.356Z] >>> [apiv2][query] POST https://upload-firebasehosting.googleapis.com/upload/sites/e-banking-tech/versions/9b42b824faeb4c3e/files/b6abfbdc894d37c260154e281499dc6415bb6ad76b32f01ef94dee93aa897ac4 [none]
[debug] [2025-08-05T16:52:24.356Z] >>> [apiv2][body] POST https://upload-firebasehosting.googleapis.com/upload/sites/e-banking-tech/versions/9b42b824faeb4c3e/files/b6abfbdc894d37c260154e281499dc6415bb6ad76b32f01ef94dee93aa897ac4 [stream]
[debug] [2025-08-05T16:52:24.357Z] [hosting][populate queue][FINAL] {"max":1762,"min":1762,"avg":1762,"active":0,"complete":1,"success":1,"errored":0,"retried":0,"total":1,"elapsed":1841}
[debug] [2025-08-05T16:52:24.357Z] [hosting] uploads queued: 16
[debug] [2025-08-05T16:52:26.853Z] <<< [apiv2][status] POST https://upload-firebasehosting.googleapis.com/upload/sites/e-banking-tech/versions/9b42b824faeb4c3e/files/db1f396b1e4cce660c3a7ab10a88e77ea97211cb9ce4a509282438a9a3f5d28a 200
[debug] [2025-08-05T16:52:26.853Z] <<< [apiv2][body] POST https://upload-firebasehosting.googleapis.com/upload/sites/e-banking-tech/versions/9b42b824faeb4c3e/files/db1f396b1e4cce660c3a7ab10a88e77ea97211cb9ce4a509282438a9a3f5d28a [stream]
[debug] [2025-08-05T16:52:26.888Z] <<< [apiv2][status] POST https://upload-firebasehosting.googleapis.com/upload/sites/e-banking-tech/versions/9b42b824faeb4c3e/files/914fe1f576f68698d9e329ea8ec6c542d8d5f150af08f1a360d188fed7597c23 200
[debug] [2025-08-05T16:52:26.889Z] <<< [apiv2][body] POST https://upload-firebasehosting.googleapis.com/upload/sites/e-banking-tech/versions/9b42b824faeb4c3e/files/914fe1f576f68698d9e329ea8ec6c542d8d5f150af08f1a360d188fed7597c23 [stream]
[debug] [2025-08-05T16:52:26.900Z] <<< [apiv2][status] POST https://upload-firebasehosting.googleapis.com/upload/sites/e-banking-tech/versions/9b42b824faeb4c3e/files/cb6477bad43c44ba222b8cddfa7e4fe646b19ec7449646e8c2a426354faa630e 200
[debug] [2025-08-05T16:52:26.900Z] <<< [apiv2][body] POST https://upload-firebasehosting.googleapis.com/upload/sites/e-banking-tech/versions/9b42b824faeb4c3e/files/cb6477bad43c44ba222b8cddfa7e4fe646b19ec7449646e8c2a426354faa630e [stream]
[debug] [2025-08-05T16:52:26.902Z] <<< [apiv2][status] POST https://upload-firebasehosting.googleapis.com/upload/sites/e-banking-tech/versions/9b42b824faeb4c3e/files/bf07bc7ddc1ae03e7936a9347de10e85cf9a0e51f99bd8293b2a8eeca6463b49 200
[debug] [2025-08-05T16:52:26.902Z] <<< [apiv2][body] POST https://upload-firebasehosting.googleapis.com/upload/sites/e-banking-tech/versions/9b42b824faeb4c3e/files/bf07bc7ddc1ae03e7936a9347de10e85cf9a0e51f99bd8293b2a8eeca6463b49 [stream]
[debug] [2025-08-05T16:52:26.975Z] <<< [apiv2][status] POST https://upload-firebasehosting.googleapis.com/upload/sites/e-banking-tech/versions/9b42b824faeb4c3e/files/b6abfbdc894d37c260154e281499dc6415bb6ad76b32f01ef94dee93aa897ac4 200
[debug] [2025-08-05T16:52:26.975Z] <<< [apiv2][body] POST https://upload-firebasehosting.googleapis.com/upload/sites/e-banking-tech/versions/9b42b824faeb4c3e/files/b6abfbdc894d37c260154e281499dc6415bb6ad76b32f01ef94dee93aa897ac4 [stream]
[debug] [2025-08-05T16:52:26.985Z] <<< [apiv2][status] POST https://upload-firebasehosting.googleapis.com/upload/sites/e-banking-tech/versions/9b42b824faeb4c3e/files/7b16665552cb47db34db342505d6d340caaf5813ca2cba1df3536ed67ea33f64 200
[debug] [2025-08-05T16:52:26.985Z] <<< [apiv2][body] POST https://upload-firebasehosting.googleapis.com/upload/sites/e-banking-tech/versions/9b42b824faeb4c3e/files/7b16665552cb47db34db342505d6d340caaf5813ca2cba1df3536ed67ea33f64 [stream]
[debug] [2025-08-05T16:52:27.350Z] <<< [apiv2][status] POST https://upload-firebasehosting.googleapis.com/upload/sites/e-banking-tech/versions/9b42b824faeb4c3e/files/ffb3d6634c37da9451d60557ed0e6e513e2889672e0bf202d2558062062a048a 200
[debug] [2025-08-05T16:52:27.350Z] <<< [apiv2][body] POST https://upload-firebasehosting.googleapis.com/upload/sites/e-banking-tech/versions/9b42b824faeb4c3e/files/ffb3d6634c37da9451d60557ed0e6e513e2889672e0bf202d2558062062a048a [stream]
[debug] [2025-08-05T16:52:27.449Z] <<< [apiv2][status] POST https://upload-firebasehosting.googleapis.com/upload/sites/e-banking-tech/versions/9b42b824faeb4c3e/files/b2e432799d06322905e5eacc3c68a254d011ee994edd530f764d83fa7555fa22 200
[debug] [2025-08-05T16:52:27.449Z] <<< [apiv2][body] POST https://upload-firebasehosting.googleapis.com/upload/sites/e-banking-tech/versions/9b42b824faeb4c3e/files/b2e432799d06322905e5eacc3c68a254d011ee994edd530f764d83fa7555fa22 [stream]
[debug] [2025-08-05T16:52:27.861Z] <<< [apiv2][status] POST https://upload-firebasehosting.googleapis.com/upload/sites/e-banking-tech/versions/9b42b824faeb4c3e/files/6586a71130ef2235c3e0faded6c8dc3244d7a54facc1421f97c155fd1b9af358 200
[debug] [2025-08-05T16:52:27.861Z] <<< [apiv2][body] POST https://upload-firebasehosting.googleapis.com/upload/sites/e-banking-tech/versions/9b42b824faeb4c3e/files/6586a71130ef2235c3e0faded6c8dc3244d7a54facc1421f97c155fd1b9af358 [stream]
[debug] [2025-08-05T16:52:31.165Z] <<< [apiv2][status] POST https://upload-firebasehosting.googleapis.com/upload/sites/e-banking-tech/versions/9b42b824faeb4c3e/files/b85e914276e0769f9db06c74f4e885fd291fec8883d4e3bbbf8013820a8bb01c 200
[debug] [2025-08-05T16:52:31.165Z] <<< [apiv2][body] POST https://upload-firebasehosting.googleapis.com/upload/sites/e-banking-tech/versions/9b42b824faeb4c3e/files/b85e914276e0769f9db06c74f4e885fd291fec8883d4e3bbbf8013820a8bb01c [stream]
[debug] [2025-08-05T16:52:32.820Z] <<< [apiv2][status] POST https://upload-firebasehosting.googleapis.com/upload/sites/e-banking-tech/versions/9b42b824faeb4c3e/files/b503f3c7b026cada5271b0aba2006429341b71d0bfcff568cf0c612ddeeac0eb 200
[debug] [2025-08-05T16:52:32.820Z] <<< [apiv2][body] POST https://upload-firebasehosting.googleapis.com/upload/sites/e-banking-tech/versions/9b42b824faeb4c3e/files/b503f3c7b026cada5271b0aba2006429341b71d0bfcff568cf0c612ddeeac0eb [stream]
[debug] [2025-08-05T16:52:33.807Z] <<< [apiv2][status] POST https://upload-firebasehosting.googleapis.com/upload/sites/e-banking-tech/versions/9b42b824faeb4c3e/files/42a2c5deaec8b4a68c9112e662a0c10b42148a7cc19952a1f3e18b2f961407e4 200
[debug] [2025-08-05T16:52:33.807Z] <<< [apiv2][body] POST https://upload-firebasehosting.googleapis.com/upload/sites/e-banking-tech/versions/9b42b824faeb4c3e/files/42a2c5deaec8b4a68c9112e662a0c10b42148a7cc19952a1f3e18b2f961407e4 [stream]
[debug] [2025-08-05T16:52:39.226Z] <<< [apiv2][status] POST https://upload-firebasehosting.googleapis.com/upload/sites/e-banking-tech/versions/9b42b824faeb4c3e/files/6cc2d49c2dcaad14773e40fd40dd6ef6ae5d32fd85c8ce1ffe3ceeed2de578c9 200
[debug] [2025-08-05T16:52:39.226Z] <<< [apiv2][body] POST https://upload-firebasehosting.googleapis.com/upload/sites/e-banking-tech/versions/9b42b824faeb4c3e/files/6cc2d49c2dcaad14773e40fd40dd6ef6ae5d32fd85c8ce1ffe3ceeed2de578c9 [stream]
[debug] [2025-08-05T16:52:49.092Z] <<< [apiv2][status] POST https://upload-firebasehosting.googleapis.com/upload/sites/e-banking-tech/versions/9b42b824faeb4c3e/files/839e6db41e13c1e72a72efbecc9b06d641f4b427ea83e8385ac5fbdcf2376f1c 200
[debug] [2025-08-05T16:52:49.092Z] <<< [apiv2][body] POST https://upload-firebasehosting.googleapis.com/upload/sites/e-banking-tech/versions/9b42b824faeb4c3e/files/839e6db41e13c1e72a72efbecc9b06d641f4b427ea83e8385ac5fbdcf2376f1c [stream]
[debug] [2025-08-05T16:52:49.234Z] <<< [apiv2][status] POST https://upload-firebasehosting.googleapis.com/upload/sites/e-banking-tech/versions/9b42b824faeb4c3e/files/133948b653cd4b799e0cd3e76618e432bfb6311a03c39fcefaa7280f0385a4e9 200
[debug] [2025-08-05T16:52:49.235Z] <<< [apiv2][body] POST https://upload-firebasehosting.googleapis.com/upload/sites/e-banking-tech/versions/9b42b824faeb4c3e/files/133948b653cd4b799e0cd3e76618e432bfb6311a03c39fcefaa7280f0385a4e9 [stream]
